<?xml version="1.0" encoding="UTF-8"?>
<!-- Generated by org.testng.reporters.JUnitXMLReporter -->
<testsuite hostname="DESKTOP-UNQGVJM" ignored="4" name="Test3" tests="2" failures="0" timestamp="12 Aug 2022 07:43:48 GMT" time="113.25" errors="0">
  <testcase name="deleteProduct" time="44.574" classname="com.crm.sdet.product.DeleteProduct"/>
  <testcase name="createProduct" time="20.513" classname="com.crm.sdet.product.CreateProduct"/>
  <testcase name="@AfterTest afterTest" time="0.0" classname="comcast.vTiger.genericUtility.BaseClass">
    <ignored/>
  </testcase> <!-- @AfterTest afterTest -->
  <testcase name="@AfterSuite afterSuite" time="0.0" classname="comcast.vTiger.genericUtility.BaseClass">
    <ignored/>
  </testcase> <!-- @AfterSuite afterSuite -->
  <testcase name="@BeforeTest beforeTest" time="0.0" classname="comcast.vTiger.genericUtility.BaseClass">
    <ignored/>
  </testcase> <!-- @BeforeTest beforeTest -->
  <testcase name="@BeforeSuite beforeSuite" time="0.0" classname="comcast.vTiger.genericUtility.BaseClass">
    <ignored/>
  </testcase> <!-- @BeforeSuite beforeSuite -->
</testsuite> <!-- Test3 -->
