<?xml version="1.0" encoding="UTF-8"?>
<!-- Generated by org.testng.reporters.JUnitXMLReporter -->
<testsuite hostname="DESKTOP-UNQGVJM" ignored="4" name="Test2" tests="2" failures="0" timestamp="12 Aug 2022 07:43:59 GMT" time="124.324" errors="0">
  <testcase name="createCampaign" time="34.783" classname="com.crm.sdet.campaign.CreateCampaign"/>
  <testcase name="createCampaignWithProduct" time="40.08" classname="com.crm.sdet.campaign.CreateCampaignWithProduct"/>
  <testcase name="@AfterTest afterTest" time="0.0" classname="comcast.vTiger.genericUtility.BaseClass">
    <ignored/>
  </testcase> <!-- @AfterTest afterTest -->
  <testcase name="@AfterSuite afterSuite" time="0.0" classname="comcast.vTiger.genericUtility.BaseClass">
    <ignored/>
  </testcase> <!-- @AfterSuite afterSuite -->
  <testcase name="@BeforeTest beforeTest" time="0.0" classname="comcast.vTiger.genericUtility.BaseClass">
    <ignored/>
  </testcase> <!-- @BeforeTest beforeTest -->
  <testcase name="@BeforeSuite beforeSuite" time="0.0" classname="comcast.vTiger.genericUtility.BaseClass">
    <ignored/>
  </testcase> <!-- @BeforeSuite beforeSuite -->
</testsuite> <!-- Test2 -->
