<?xml version="1.0" encoding="UTF-8"?>
<testng-results skipped="0" failed="0" ignored="8" total="13" passed="5">
  <reporter-output>
  </reporter-output>
  <suite name="Suite" duration-ms="99155" started-at="2022-08-11T07:24:04Z" finished-at="2022-08-11T07:25:43Z">
    <groups>
      <group name="regression">
        <method signature="CreateCampaign.createCampaign()[pri:0, instance:com.crm.sdet.campaign.CreateCampaign@105fece7]" name="createCampaign" class="com.crm.sdet.campaign.CreateCampaign"/>
        <method signature="CreateCampaignWithProduct.createCampaignWithProduct()[pri:0, instance:com.crm.sdet.campaign.CreateCampaignWithProduct@3ec300f1]" name="createCampaignWithProduct" class="com.crm.sdet.campaign.CreateCampaignWithProduct"/>
        <method signature="CreateProduct.createProduct()[pri:0, instance:com.crm.sdet.product.CreateProduct@5d740a0f]" name="createProduct" class="com.crm.sdet.product.CreateProduct"/>
        <method signature="DeleteProduct.deleteProduct()[pri:0, instance:com.crm.sdet.product.DeleteProduct@2b546384]" name="deleteProduct" class="com.crm.sdet.product.DeleteProduct"/>
      </group> <!-- regression -->
      <group name="smoke">
        <method signature="CreateOrganization.createOrganization()[pri:0, instance:com.crm.sdet.organisation.CreateOrganization@2d2e5f00]" name="createOrganization" class="com.crm.sdet.organisation.CreateOrganization"/>
        <method signature="CreateCampaign.createCampaign()[pri:0, instance:com.crm.sdet.campaign.CreateCampaign@105fece7]" name="createCampaign" class="com.crm.sdet.campaign.CreateCampaign"/>
        <method signature="CreateCampaignWithProduct.createCampaignWithProduct()[pri:0, instance:com.crm.sdet.campaign.CreateCampaignWithProduct@3ec300f1]" name="createCampaignWithProduct" class="com.crm.sdet.campaign.CreateCampaignWithProduct"/>
        <method signature="CreateProduct.createProduct()[pri:0, instance:com.crm.sdet.product.CreateProduct@5d740a0f]" name="createProduct" class="com.crm.sdet.product.CreateProduct"/>
        <method signature="DeleteProduct.deleteProduct()[pri:0, instance:com.crm.sdet.product.DeleteProduct@2b546384]" name="deleteProduct" class="com.crm.sdet.product.DeleteProduct"/>
      </group> <!-- smoke -->
    </groups>
    <test name="Test1" duration-ms="51847" started-at="2022-08-11T07:24:04Z" finished-at="2022-08-11T07:24:56Z">
      <class name="com.crm.sdet.organisation.CreateOrganization">
        <test-method status="PASS" signature="beforeTest()[pri:0, instance:com.crm.sdet.organisation.CreateOrganization@2d2e5f00]" name="beforeTest" is-config="true" duration-ms="0" started-at="2022-08-11T07:24:04Z" finished-at="2022-08-11T07:24:04Z">
          <reporter-output>
          </reporter-output>
        </test-method> <!-- beforeTest -->
        <test-method status="PASS" signature="beforeClass(java.lang.String)[pri:0, instance:com.crm.sdet.organisation.CreateOrganization@2d2e5f00]" name="beforeClass" is-config="true" duration-ms="3377" started-at="2022-08-11T07:24:04Z" finished-at="2022-08-11T07:24:07Z">
          <params>
            <param index="0">
              <value>
                <![CDATA[chrome]]>
              </value>
            </param>
          </params>
          <reporter-output>
          </reporter-output>
        </test-method> <!-- beforeClass -->
        <test-method status="PASS" signature="beforeMethod()[pri:0, instance:com.crm.sdet.organisation.CreateOrganization@2d2e5f00]" name="beforeMethod" is-config="true" duration-ms="13042" started-at="2022-08-11T07:24:07Z" finished-at="2022-08-11T07:24:20Z">
          <reporter-output>
          </reporter-output>
        </test-method> <!-- beforeMethod -->
        <test-method status="PASS" signature="createOrganization()[pri:0, instance:com.crm.sdet.organisation.CreateOrganization@2d2e5f00]" name="createOrganization" duration-ms="35069" started-at="2022-08-11T07:24:20Z" finished-at="2022-08-11T07:24:56Z">
          <reporter-output>
          </reporter-output>
        </test-method> <!-- createOrganization -->
        <test-method status="PASS" signature="afterMethod()[pri:0, instance:com.crm.sdet.organisation.CreateOrganization@2d2e5f00]" name="afterMethod" is-config="true" duration-ms="0" started-at="2022-08-11T07:24:56Z" finished-at="2022-08-11T07:24:56Z">
          <reporter-output>
          </reporter-output>
        </test-method> <!-- afterMethod -->
        <test-method status="PASS" signature="afterClass()[pri:0, instance:com.crm.sdet.organisation.CreateOrganization@2d2e5f00]" name="afterClass" is-config="true" duration-ms="328" started-at="2022-08-11T07:24:56Z" finished-at="2022-08-11T07:24:56Z">
          <reporter-output>
          </reporter-output>
        </test-method> <!-- afterClass -->
        <test-method status="PASS" signature="afterTest()[pri:0, instance:com.crm.sdet.organisation.CreateOrganization@2d2e5f00]" name="afterTest" is-config="true" duration-ms="1" started-at="2022-08-11T07:24:56Z" finished-at="2022-08-11T07:24:56Z">
          <reporter-output>
          </reporter-output>
        </test-method> <!-- afterTest -->
      </class> <!-- com.crm.sdet.organisation.CreateOrganization -->
    </test> <!-- Test1 -->
    <test name="Test3" duration-ms="90965" started-at="2022-08-11T07:24:04Z" finished-at="2022-08-11T07:25:35Z">
      <class name="com.crm.sdet.product.CreateProduct">
        <test-method status="PASS" signature="beforeClass(java.lang.String)[pri:0, instance:com.crm.sdet.product.CreateProduct@5d740a0f]" name="beforeClass" is-config="true" duration-ms="5240" started-at="2022-08-11T07:25:05Z" finished-at="2022-08-11T07:25:10Z">
          <params>
            <param index="0">
              <value>
                <![CDATA[edge]]>
              </value>
            </param>
          </params>
          <reporter-output>
          </reporter-output>
        </test-method> <!-- beforeClass -->
        <test-method status="PASS" signature="beforeMethod()[pri:0, instance:com.crm.sdet.product.CreateProduct@5d740a0f]" name="beforeMethod" is-config="true" duration-ms="5863" started-at="2022-08-11T07:25:10Z" finished-at="2022-08-11T07:25:16Z">
          <reporter-output>
          </reporter-output>
        </test-method> <!-- beforeMethod -->
        <test-method status="PASS" signature="createProduct()[pri:0, instance:com.crm.sdet.product.CreateProduct@5d740a0f]" name="createProduct" duration-ms="18448" started-at="2022-08-11T07:25:16Z" finished-at="2022-08-11T07:25:35Z">
          <reporter-output>
          </reporter-output>
        </test-method> <!-- createProduct -->
        <test-method status="PASS" signature="afterClass()[pri:0, instance:com.crm.sdet.product.CreateProduct@5d740a0f]" name="afterClass" is-config="true" duration-ms="428" started-at="2022-08-11T07:25:35Z" finished-at="2022-08-11T07:25:35Z">
          <reporter-output>
          </reporter-output>
        </test-method> <!-- afterClass -->
        <test-method status="PASS" signature="afterMethod()[pri:0, instance:com.crm.sdet.product.CreateProduct@5d740a0f]" name="afterMethod" is-config="true" duration-ms="0" started-at="2022-08-11T07:25:35Z" finished-at="2022-08-11T07:25:35Z">
          <reporter-output>
          </reporter-output>
        </test-method> <!-- afterMethod -->
      </class> <!-- com.crm.sdet.product.CreateProduct -->
      <class name="com.crm.sdet.product.DeleteProduct">
        <test-method status="PASS" signature="beforeSuite()[pri:0, instance:com.crm.sdet.product.DeleteProduct@2b546384]" name="beforeSuite" is-config="true" duration-ms="15" started-at="2022-08-11T07:24:04Z" finished-at="2022-08-11T07:24:04Z">
          <reporter-output>
          </reporter-output>
        </test-method> <!-- beforeSuite -->
        <test-method status="PASS" signature="beforeTest()[pri:0, instance:com.crm.sdet.product.DeleteProduct@2b546384]" name="beforeTest" is-config="true" duration-ms="0" started-at="2022-08-11T07:24:04Z" finished-at="2022-08-11T07:24:04Z">
          <reporter-output>
          </reporter-output>
        </test-method> <!-- beforeTest -->
        <test-method status="PASS" signature="beforeClass(java.lang.String)[pri:0, instance:com.crm.sdet.product.DeleteProduct@2b546384]" name="beforeClass" is-config="true" duration-ms="6772" started-at="2022-08-11T07:24:04Z" finished-at="2022-08-11T07:24:11Z">
          <params>
            <param index="0">
              <value>
                <![CDATA[edge]]>
              </value>
            </param>
          </params>
          <reporter-output>
          </reporter-output>
        </test-method> <!-- beforeClass -->
        <test-method status="PASS" signature="beforeMethod()[pri:0, instance:com.crm.sdet.product.DeleteProduct@2b546384]" name="beforeMethod" is-config="true" duration-ms="18407" started-at="2022-08-11T07:24:11Z" finished-at="2022-08-11T07:24:29Z">
          <reporter-output>
          </reporter-output>
        </test-method> <!-- beforeMethod -->
        <test-method status="PASS" signature="deleteProduct()[pri:0, instance:com.crm.sdet.product.DeleteProduct@2b546384]" name="deleteProduct" duration-ms="35427" started-at="2022-08-11T07:24:29Z" finished-at="2022-08-11T07:25:05Z">
          <reporter-output>
          </reporter-output>
        </test-method> <!-- deleteProduct -->
        <test-method status="PASS" signature="afterMethod()[pri:0, instance:com.crm.sdet.product.DeleteProduct@2b546384]" name="afterMethod" is-config="true" duration-ms="0" started-at="2022-08-11T07:25:05Z" finished-at="2022-08-11T07:25:05Z">
          <reporter-output>
          </reporter-output>
        </test-method> <!-- afterMethod -->
        <test-method status="PASS" signature="afterClass()[pri:0, instance:com.crm.sdet.product.DeleteProduct@2b546384]" name="afterClass" is-config="true" duration-ms="370" started-at="2022-08-11T07:25:05Z" finished-at="2022-08-11T07:25:05Z">
          <reporter-output>
          </reporter-output>
        </test-method> <!-- afterClass -->
        <test-method status="PASS" signature="afterTest()[pri:0, instance:com.crm.sdet.product.DeleteProduct@2b546384]" name="afterTest" is-config="true" duration-ms="0" started-at="2022-08-11T07:25:35Z" finished-at="2022-08-11T07:25:35Z">
          <reporter-output>
          </reporter-output>
        </test-method> <!-- afterTest -->
        <test-method status="PASS" signature="afterSuite()[pri:0, instance:com.crm.sdet.product.DeleteProduct@2b546384]" name="afterSuite" is-config="true" duration-ms="0" started-at="2022-08-11T07:25:43Z" finished-at="2022-08-11T07:25:43Z">
          <reporter-output>
          </reporter-output>
        </test-method> <!-- afterSuite -->
      </class> <!-- com.crm.sdet.product.DeleteProduct -->
    </test> <!-- Test3 -->
    <test name="Test2" duration-ms="99155" started-at="2022-08-11T07:24:04Z" finished-at="2022-08-11T07:25:43Z">
      <class name="com.crm.sdet.campaign.CreateCampaign">
        <test-method status="PASS" signature="beforeTest()[pri:0, instance:com.crm.sdet.campaign.CreateCampaign@105fece7]" name="beforeTest" is-config="true" duration-ms="0" started-at="2022-08-11T07:24:04Z" finished-at="2022-08-11T07:24:04Z">
          <reporter-output>
          </reporter-output>
        </test-method> <!-- beforeTest -->
        <test-method status="PASS" signature="beforeClass(java.lang.String)[pri:0, instance:com.crm.sdet.campaign.CreateCampaign@105fece7]" name="beforeClass" is-config="true" duration-ms="11549" started-at="2022-08-11T07:24:04Z" finished-at="2022-08-11T07:24:16Z">
          <params>
            <param index="0">
              <value>
                <![CDATA[firefox]]>
              </value>
            </param>
          </params>
          <reporter-output>
          </reporter-output>
        </test-method> <!-- beforeClass -->
        <test-method status="PASS" signature="beforeMethod()[pri:0, instance:com.crm.sdet.campaign.CreateCampaign@105fece7]" name="beforeMethod" is-config="true" duration-ms="6901" started-at="2022-08-11T07:24:16Z" finished-at="2022-08-11T07:24:22Z">
          <reporter-output>
          </reporter-output>
        </test-method> <!-- beforeMethod -->
        <test-method status="PASS" signature="createCampaign()[pri:0, instance:com.crm.sdet.campaign.CreateCampaign@105fece7]" name="createCampaign" duration-ms="31534" started-at="2022-08-11T07:24:22Z" finished-at="2022-08-11T07:24:54Z">
          <reporter-output>
          </reporter-output>
        </test-method> <!-- createCampaign -->
        <test-method status="PASS" signature="afterMethod()[pri:0, instance:com.crm.sdet.campaign.CreateCampaign@105fece7]" name="afterMethod" is-config="true" duration-ms="0" started-at="2022-08-11T07:24:54Z" finished-at="2022-08-11T07:24:54Z">
          <reporter-output>
          </reporter-output>
        </test-method> <!-- afterMethod -->
        <test-method status="PASS" signature="afterClass()[pri:0, instance:com.crm.sdet.campaign.CreateCampaign@105fece7]" name="afterClass" is-config="true" duration-ms="2373" started-at="2022-08-11T07:24:54Z" finished-at="2022-08-11T07:24:56Z">
          <reporter-output>
          </reporter-output>
        </test-method> <!-- afterClass -->
        <test-method status="PASS" signature="afterTest()[pri:0, instance:com.crm.sdet.campaign.CreateCampaign@105fece7]" name="afterTest" is-config="true" duration-ms="0" started-at="2022-08-11T07:25:43Z" finished-at="2022-08-11T07:25:43Z">
          <reporter-output>
          </reporter-output>
        </test-method> <!-- afterTest -->
      </class> <!-- com.crm.sdet.campaign.CreateCampaign -->
      <class name="com.crm.sdet.campaign.CreateCampaignWithProduct">
        <test-method status="PASS" signature="beforeClass(java.lang.String)[pri:0, instance:com.crm.sdet.campaign.CreateCampaignWithProduct@3ec300f1]" name="beforeClass" is-config="true" duration-ms="5517" started-at="2022-08-11T07:24:56Z" finished-at="2022-08-11T07:25:02Z">
          <params>
            <param index="0">
              <value>
                <![CDATA[firefox]]>
              </value>
            </param>
          </params>
          <reporter-output>
          </reporter-output>
        </test-method> <!-- beforeClass -->
        <test-method status="PASS" signature="beforeMethod()[pri:0, instance:com.crm.sdet.campaign.CreateCampaignWithProduct@3ec300f1]" name="beforeMethod" is-config="true" duration-ms="5136" started-at="2022-08-11T07:25:02Z" finished-at="2022-08-11T07:25:07Z">
          <reporter-output>
          </reporter-output>
        </test-method> <!-- beforeMethod -->
        <test-method status="PASS" signature="createCampaignWithProduct()[pri:0, instance:com.crm.sdet.campaign.CreateCampaignWithProduct@3ec300f1]" name="createCampaignWithProduct" duration-ms="34837" started-at="2022-08-11T07:25:07Z" finished-at="2022-08-11T07:25:42Z">
          <reporter-output>
          </reporter-output>
        </test-method> <!-- createCampaignWithProduct -->
        <test-method status="PASS" signature="afterMethod()[pri:0, instance:com.crm.sdet.campaign.CreateCampaignWithProduct@3ec300f1]" name="afterMethod" is-config="true" duration-ms="0" started-at="2022-08-11T07:25:42Z" finished-at="2022-08-11T07:25:42Z">
          <reporter-output>
          </reporter-output>
        </test-method> <!-- afterMethod -->
        <test-method status="PASS" signature="afterClass()[pri:0, instance:com.crm.sdet.campaign.CreateCampaignWithProduct@3ec300f1]" name="afterClass" is-config="true" duration-ms="1296" started-at="2022-08-11T07:25:42Z" finished-at="2022-08-11T07:25:43Z">
          <reporter-output>
          </reporter-output>
        </test-method> <!-- afterClass -->
      </class> <!-- com.crm.sdet.campaign.CreateCampaignWithProduct -->
    </test> <!-- Test2 -->
  </suite> <!-- Suite -->
</testng-results>
