<?xml version="1.0" encoding="UTF-8"?>
<testsuite xmlns:xsi="http://www.w3.org/2001/XMLSchema-instance" xsi:noNamespaceSchemaLocation="https://maven.apache.org/surefire/maven-surefire-plugin/xsd/surefire-test-report-3.0.xsd" version="3.0" name="TestSuite" time="102.004" tests="5" errors="0" skipped="0" failures="0">
  <properties>
[...]
</properties>
  <testcase name="createCampaign" classname="com.crm.sdet.campaign.CreateCampaign" time="24.812">
    <system-out><![CDATA[[TestNGContentHandler] [WARN] It is strongly recommended to add "<!DOCTYPE suite SYSTEM "http://testng.org/testng-1.0.dtd" >" at the top of your file, otherwise TestNG may fail or not work as expected.
chrome
firefox
edge
//span[contains(text(),'Test Yantra242 -  Organization Information')]
//span[contains(text(),'Product599 -  Product Information')]
//span[contains(text(),'Campaign185 -  Campaign Information')]
Product599
]]></system-out>
    <system-err><![CDATA[SLF4J: Failed to load class "org.slf4j.impl.StaticLoggerBinder".
SLF4J: Defaulting to no-operation (NOP) logger implementation
SLF4J: See http://www.slf4j.org/codes.html#StaticLoggerBinder for further details.
Starting Microsoft Edge WebDriver 104.0.1293.47 (246533a39fec5a167e7729d997877afea075bd86) on port 41707
To submit feedback, report a bug, or suggest new features, please visit https://github.com/MicrosoftEdge/EdgeWebDriver

Only local connections are allowed.
Please see https://aka.ms/WebDriverSecurity for suggestions on keeping Microsoft Edge WebDriver safe.

Starting ChromeDriver 104.0.5112.79 (3cf3e8c8a07d104b9e1260c910efb8f383285dc5-refs/branch-heads/5112@{#1307}) on port 10792
Only local connections are allowed.
Please see https://chromedriver.chromium.org/security-considerations for suggestions on keeping ChromeDriver safe.
ChromeDriver was started successfully.
1660202646036	mozrunner::runner	INFO	Running command: "C:\\Program Files\\Mozilla Firefox\\firefox.exe" "-marionette" "-foreground" "-no-remote" "-profile" "C:\\Users\\AYUSHS~1\\AppData\\Local\\Temp\\rust_mozprofileCYUPdv"
Microsoft Edge WebDriver was started successfully.
Aug 11, 2022 12:54:07 PM org.openqa.selenium.remote.ProtocolHandshake createSession
INFO: Detected dialect: W3C
1660202649733	addons.webextension.screenshots@mozilla.org	WARN	Loading extension 'screenshots@mozilla.org': Reading manifest: Invalid extension permission: mozillaAddons
1660202649737	addons.webextension.screenshots@mozilla.org	WARN	Loading extension 'screenshots@mozilla.org': Reading manifest: Invalid extension permission: telemetry
1660202649738	addons.webextension.screenshots@mozilla.org	WARN	Loading extension 'screenshots@mozilla.org': Reading manifest: Invalid extension permission: resource://pdf.js/
1660202649738	addons.webextension.screenshots@mozilla.org	WARN	Loading extension 'screenshots@mozilla.org': Reading manifest: Invalid extension permission: about:reader*
Aug 11, 2022 12:54:11 PM org.openqa.selenium.remote.ProtocolHandshake createSession
INFO: Detected dialect: W3C
JavaScript error: undefined, line 14: Error: An unexpected error occurred
JavaScript error: moz-extension://c820ee91-0015-4259-9981-d1c82e056efe/lib/picture_in_picture_overrides.js, line 15: Error: Incorrect argument types for pictureInPictureParent.setOverrides.
JavaScript error: resource:///modules/sessionstore/SessionStore.jsm, line 1325: uncaught exception: 2147746065
[Child 8944, Chrome_ChildThread] WARNING: pipe error: 109: file z:/task_1588189409/build/src/ipc/chromium/src/chrome/common/ipc_channel_win.cc, line 348
[Child 8944, Chrome_ChildThread] WARNING: pipe error: 109: file z:/task_1588189409/build/src/ipc/chromium/src/chrome/common/ipc_channel_win.cc, line 348
1660202655655	Marionette	INFO	Listening on port 60938
1660202656020	Marionette	WARN	TLS certificate errors will be ignored for this session
Aug 11, 2022 12:54:16 PM org.openqa.selenium.remote.ProtocolHandshake createSession
INFO: Detected dialect: W3C
JavaScript warning: http://localhost:8888/jscalendar/calendar.js, line 1695: unreachable code after return statement
JavaScript warning: http://localhost:8888/jscalendar/calendar.js, line 1695: unreachable code after return statement
JavaScript warning: http://localhost:8888/jscalendar/calendar.js, line 1695: unreachable code after return statement
JavaScript warning: http://localhost:8888/jscalendar/calendar.js, line 1695: unreachable code after return statement
]]></system-err>
  </testcase>
  <testcase name="createOrganization" classname="com.crm.sdet.organisation.CreateOrganization" time="26.332">
    <system-err><![CDATA[1660202694591	Marionette	INFO	Stopped listening on port 60938
[Child 29320, Chrome_ChildThread] WARNING: pipe error: 109: file z:/task_1588189409/build/src/ipc/chromium/src/chrome/common/ipc_channel_win.cc, line 348
[Child 29320, Chrome_ChildThread] WARNING: pipe error: 109: file z:/task_1588189409/build/src/ipc/chromium/src/chrome/common/ipc_channel_win.cc, line 348
[Child 21120, Chrome_ChildThread] WARNING: pipe error: 109: file z:/task_1588189409/build/src/ipc/chromium/src/chrome/common/ipc_channel_win.cc, line 348

###!!! [Child][RunMessage] Error: Channel closing: too late to send/recv, messages will be lost

[GPU 21776, Chrome_ChildThread] WARNING: pipe error: 109: file z:/task_1588189409/build/src/ipc/chromium/src/chrome/common/ipc_channel_win.cc, line 348

###!!! [Child][MessageChannel::SendAndWait] Error: Channel error: cannot send/recv

]]></system-err>
  </testcase>
  <testcase name="deleteProduct" classname="com.crm.sdet.product.DeleteProduct" time="35.427">
    <system-out><![CDATA[firefox
]]></system-out>
    <system-err><![CDATA[1660202697559	mozrunner::runner	INFO	Running command: "C:\\Program Files\\Mozilla Firefox\\firefox.exe" "-marionette" "-foreground" "-no-remote" "-profile" "C:\\Users\\AYUSHS~1\\AppData\\Local\\Temp\\rust_mozprofilenTHE9A"
1660202698578	addons.webextension.screenshots@mozilla.org	WARN	Loading extension 'screenshots@mozilla.org': Reading manifest: Invalid extension permission: mozillaAddons
1660202698578	addons.webextension.screenshots@mozilla.org	WARN	Loading extension 'screenshots@mozilla.org': Reading manifest: Invalid extension permission: telemetry
1660202698578	addons.webextension.screenshots@mozilla.org	WARN	Loading extension 'screenshots@mozilla.org': Reading manifest: Invalid extension permission: resource://pdf.js/
1660202698578	addons.webextension.screenshots@mozilla.org	WARN	Loading extension 'screenshots@mozilla.org': Reading manifest: Invalid extension permission: about:reader*
JavaScript error: undefined, line 14: Error: An unexpected error occurred
JavaScript error: moz-extension://4e9b87fa-d66f-4451-9c3e-2aa4b5c1bbab/lib/picture_in_picture_overrides.js, line 15: Error: Incorrect argument types for pictureInPictureParent.setOverrides.
JavaScript error: resource:///modules/sessionstore/SessionStore.jsm, line 1325: uncaught exception: 2147746065
1660202701876	Marionette	INFO	Listening on port 61265
1660202702377	Marionette	WARN	TLS certificate errors will be ignored for this session
Aug 11, 2022 12:55:02 PM org.openqa.selenium.remote.ProtocolHandshake createSession
INFO: Detected dialect: W3C
]]></system-err>
  </testcase>
  <testcase name="createProduct" classname="com.crm.sdet.product.CreateProduct" time="18.448">
    <system-out><![CDATA[edge
//span[contains(text(),'Product602 -  Product Information')]
//span[contains(text(),'Product512 -  Product Information')]
Administrator - Campaigns - vtiger CRM 5 - Commercial Open Source CRM--Products&action
--Products&action
//a[text()='Product602']
]]></system-out>
    <system-err><![CDATA[Starting Microsoft Edge WebDriver 104.0.1293.47 (246533a39fec5a167e7729d997877afea075bd86) on port 38036
To submit feedback, report a bug, or suggest new features, please visit https://github.com/MicrosoftEdge/EdgeWebDriver

Only local connections are allowed.
Please see https://aka.ms/WebDriverSecurity for suggestions on keeping Microsoft Edge WebDriver safe.

JavaScript warning: http://localhost:8888/jscalendar/calendar.js, line 1695: unreachable code after return statement
Microsoft Edge WebDriver was started successfully.
Aug 11, 2022 12:55:10 PM org.openqa.selenium.remote.ProtocolHandshake createSession
INFO: Detected dialect: W3C
JavaScript warning: http://localhost:8888/jscalendar/calendar.js, line 1695: unreachable code after return statement
JavaScript warning: http://localhost:8888/jscalendar/calendar.js, line 1695: unreachable code after return statement
JavaScript warning: http://localhost:8888/jscalendar/calendar.js, line 1695: unreachable code after return statement
]]></system-err>
  </testcase>
  <testcase name="createCampaignWithProduct" classname="com.crm.sdet.campaign.CreateCampaignWithProduct" time="25.77">
    <system-out><![CDATA[Administrator - Campaigns - vtiger CRM 5 - Commercial Open Source CRM--Campaigns
Administrator - Campaigns - vtiger CRM 5 - Commercial Open Source CRM++Campaigns
//span[contains(text(),'Campaign730 -  Campaign Information')]
]]></system-out>
  </testcase>
</testsuite>