<?xml version="1.0" encoding="UTF-8"?>
<testsuite xmlns:xsi="http://www.w3.org/2001/XMLSchema-instance" xsi:noNamespaceSchemaLocation="https://maven.apache.org/surefire/maven-surefire-plugin/xsd/surefire-test-report-3.0.xsd" version="3.0" name="TestSuite" time="127.495" tests="5" errors="0" skipped="0" failures="0">
  <properties>
[...]
</properties>
  <testcase name="createCampaign" classname="com.crm.sdet.campaign.CreateCampaign" time="32.61">
    <system-out><![CDATA[[TestNGContentHandler] [WARN] It is strongly recommended to add "<!DOCTYPE suite SYSTEM "http://testng.org/testng-1.0.dtd" >" at the top of your file, otherwise TestNG may fail or not work as expected.
chrome
firefox
edge
//span[contains(text(),'Test Yantra74 -  Organization Information')]
//span[contains(text(),'Product586 -  Product Information')]
//span[contains(text(),'Campaign429 -  Campaign Information')]
Product586
]]></system-out>
    <system-err><![CDATA[SLF4J: Failed to load class "org.slf4j.impl.StaticLoggerBinder".
SLF4J: Defaulting to no-operation (NOP) logger implementation
SLF4J: See http://www.slf4j.org/codes.html#StaticLoggerBinder for further details.
Starting ChromeDriver 104.0.5112.79 (3cf3e8c8a07d104b9e1260c910efb8f383285dc5-refs/branch-heads/5112@{#1307}) on port 20985
Only local connections are allowed.
Please see https://chromedriver.chromium.org/security-considerations for suggestions on keeping ChromeDriver safe.
ChromeDriver was started successfully.
Starting Microsoft Edge WebDriver 104.0.1293.47 (246533a39fec5a167e7729d997877afea075bd86) on port 44347
To submit feedback, report a bug, or suggest new features, please visit https://github.com/MicrosoftEdge/EdgeWebDriver

Only local connections are allowed.
Please see https://aka.ms/WebDriverSecurity for suggestions on keeping Microsoft Edge WebDriver safe.

1660290120761	mozrunner::runner	INFO	Running command: "C:\\Program Files\\Mozilla Firefox\\firefox.exe" "-marionette" "-foreground" "-no-remote" "-profile" "C:\\Users\\AYUSHS~1\\AppData\\Local\\Temp\\rust_mozprofileXx9Y1t"
Microsoft Edge WebDriver was started successfully.
Aug 12, 2022 1:12:04 PM org.openqa.selenium.remote.ProtocolHandshake createSession
INFO: Detected dialect: W3C
1660290126717	addons.webextension.screenshots@mozilla.org	WARN	Loading extension 'screenshots@mozilla.org': Reading manifest: Invalid extension permission: mozillaAddons
1660290126718	addons.webextension.screenshots@mozilla.org	WARN	Loading extension 'screenshots@mozilla.org': Reading manifest: Invalid extension permission: telemetry
1660290126721	addons.webextension.screenshots@mozilla.org	WARN	Loading extension 'screenshots@mozilla.org': Reading manifest: Invalid extension permission: resource://pdf.js/
1660290126721	addons.webextension.screenshots@mozilla.org	WARN	Loading extension 'screenshots@mozilla.org': Reading manifest: Invalid extension permission: about:reader*
Aug 12, 2022 1:12:12 PM org.openqa.selenium.remote.ProtocolHandshake createSession
INFO: Detected dialect: W3C
JavaScript error: undefined, line 14: Error: An unexpected error occurred
JavaScript error: moz-extension://764ac01a-7fc5-4b90-84ce-78cdaefca5eb/lib/picture_in_picture_overrides.js, line 15: Error: Incorrect argument types for pictureInPictureParent.setOverrides.
JavaScript error: resource:///modules/sessionstore/SessionStore.jsm, line 1325: uncaught exception: 2147746065
[Parent 48556, Gecko_IOThread] WARNING: pipe error: 109: file z:/task_1588189409/build/src/ipc/chromium/src/chrome/common/ipc_channel_win.cc, line 348
[Child 26860, Chrome_ChildThread] WARNING: pipe error: 109: file z:/task_1588189409/build/src/ipc/chromium/src/chrome/common/ipc_channel_win.cc, line 348
1660290137043	Marionette	INFO	Listening on port 51922
1660290137199	Marionette	WARN	TLS certificate errors will be ignored for this session
Aug 12, 2022 1:12:17 PM org.openqa.selenium.remote.ProtocolHandshake createSession
INFO: Detected dialect: W3C
JavaScript warning: http://localhost:8888/jscalendar/calendar.js, line 1695: unreachable code after return statement
JavaScript warning: http://localhost:8888/jscalendar/calendar.js, line 1695: unreachable code after return statement
JavaScript warning: http://localhost:8888/jscalendar/calendar.js, line 1695: unreachable code after return statement
JavaScript warning: http://localhost:8888/jscalendar/calendar.js, line 1695: unreachable code after return statement
]]></system-err>
  </testcase>
  <testcase name="createOrganization" classname="com.crm.sdet.organisation.CreateOrganization" time="34.33">
    <system-err><![CDATA[1660290181138	Marionette	INFO	Stopped listening on port 51922
[Child 48320, Chrome_ChildThread] WARNING: pipe error: 109: file z:/task_1588189409/build/src/ipc/chromium/src/chrome/common/ipc_channel_win.cc, line 348
[Child 46364, Chrome_ChildThread] WARNING: pipe error: 109: file z:/task_1588189409/build/src/ipc/chromium/src/chrome/common/ipc_channel_win.cc, line 348
[Child 46364, Chrome_ChildThread] WARNING: pipe error: 109: file z:/task_1588189409/build/src/ipc/chromium/src/chrome/common/ipc_channel_win.cc, line 348
[Parent 48556, Gecko_IOThread] WARNING: pipe error: 109: file z:/task_1588189409/build/src/ipc/chromium/src/chrome/common/ipc_channel_win.cc, line 348

###!!! [Child][RunMessage] Error: Channel closing: too late to send/recv, messages will be lost

[GPU 34692, Chrome_ChildThread] WARNING: pipe error: 109: file z:/task_1588189409/build/src/ipc/chromium/src/chrome/common/ipc_channel_win.cc, line 348

###!!! [Child][MessageChannel::SendAndWait] Error: Channel error: cannot send/recv

]]></system-err>
  </testcase>
  <testcase name="deleteProduct" classname="com.crm.sdet.product.DeleteProduct" time="44.574">
    <system-out><![CDATA[firefox
]]></system-out>
    <system-err><![CDATA[1660290186131	mozrunner::runner	INFO	Running command: "C:\\Program Files\\Mozilla Firefox\\firefox.exe" "-marionette" "-foreground" "-no-remote" "-profile" "C:\\Users\\AYUSHS~1\\AppData\\Local\\Temp\\rust_mozprofileHl4k0Y"
1660290187423	addons.webextension.screenshots@mozilla.org	WARN	Loading extension 'screenshots@mozilla.org': Reading manifest: Invalid extension permission: mozillaAddons
1660290187423	addons.webextension.screenshots@mozilla.org	WARN	Loading extension 'screenshots@mozilla.org': Reading manifest: Invalid extension permission: telemetry
1660290187424	addons.webextension.screenshots@mozilla.org	WARN	Loading extension 'screenshots@mozilla.org': Reading manifest: Invalid extension permission: resource://pdf.js/
1660290187424	addons.webextension.screenshots@mozilla.org	WARN	Loading extension 'screenshots@mozilla.org': Reading manifest: Invalid extension permission: about:reader*
JavaScript error: undefined, line 14: Error: An unexpected error occurred
JavaScript error: resource:///modules/sessionstore/SessionStore.jsm, line 1325: uncaught exception: 2147746065
JavaScript error: moz-extension://f24f6867-6638-4569-a372-1ae0a043874f/lib/picture_in_picture_overrides.js, line 15: Error: Incorrect argument types for pictureInPictureParent.setOverrides.
1660290191730	Marionette	INFO	Listening on port 52349
1660290192088	Marionette	WARN	TLS certificate errors will be ignored for this session
Aug 12, 2022 1:13:12 PM org.openqa.selenium.remote.ProtocolHandshake createSession
INFO: Detected dialect: W3C
]]></system-err>
  </testcase>
  <testcase name="createProduct" classname="com.crm.sdet.product.CreateProduct" time="20.513">
    <system-out><![CDATA[edge
//span[contains(text(),'Product879 -  Product Information')]
//span[contains(text(),'Product324 -  Product Information')]
Administrator - Campaigns - vtiger CRM 5 - Commercial Open Source CRM--Products&action
--Products&action
]]></system-out>
    <system-err><![CDATA[Starting Microsoft Edge WebDriver 104.0.1293.47 (246533a39fec5a167e7729d997877afea075bd86) on port 28343
To submit feedback, report a bug, or suggest new features, please visit https://github.com/MicrosoftEdge/EdgeWebDriver

Only local connections are allowed.
Please see https://aka.ms/WebDriverSecurity for suggestions on keeping Microsoft Edge WebDriver safe.

Microsoft Edge WebDriver was started successfully.
JavaScript warning: http://localhost:8888/jscalendar/calendar.js, line 1695: unreachable code after return statement
Aug 12, 2022 1:13:20 PM org.openqa.selenium.remote.ProtocolHandshake createSession
INFO: Detected dialect: W3C
JavaScript warning: http://localhost:8888/jscalendar/calendar.js, line 1695: unreachable code after return statement
JavaScript warning: http://localhost:8888/jscalendar/calendar.js, line 1695: unreachable code after return statement
JavaScript warning: http://localhost:8888/jscalendar/calendar.js, line 1695: unreachable code after return statement
]]></system-err>
  </testcase>
  <testcase name="createCampaignWithProduct" classname="com.crm.sdet.campaign.CreateCampaignWithProduct" time="30.237">
    <system-out><![CDATA[//a[text()='Product879']
Administrator - Campaigns - vtiger CRM 5 - Commercial Open Source CRM--Campaigns
Administrator - Campaigns - vtiger CRM 5 - Commercial Open Source CRM++Campaigns
//span[contains(text(),'Campaign636 -  Campaign Information')]
]]></system-out>
  </testcase>
</testsuite>