<?xml version="1.0" encoding="UTF-8"?>
<testng-results skipped="0" failed="1" ignored="8" total="13" passed="4">
  <reporter-output>
  </reporter-output>
  <suite name="Suite" duration-ms="89622" started-at="2022-08-11T10:29:17Z" finished-at="2022-08-11T10:30:47Z">
    <groups>
      <group name="regression">
        <method signature="CreateCampaign.createCampaign()[pri:0, instance:com.crm.sdet.campaign.CreateCampaign@105fece7]" name="createCampaign" class="com.crm.sdet.campaign.CreateCampaign"/>
        <method signature="CreateCampaignWithProduct.createCampaignWithProduct()[pri:0, instance:com.crm.sdet.campaign.CreateCampaignWithProduct@3ec300f1]" name="createCampaignWithProduct" class="com.crm.sdet.campaign.CreateCampaignWithProduct"/>
        <method signature="CreateProduct.createProduct()[pri:0, instance:com.crm.sdet.product.CreateProduct@5d740a0f]" name="createProduct" class="com.crm.sdet.product.CreateProduct"/>
        <method signature="DeleteProduct.deleteProduct()[pri:0, instance:com.crm.sdet.product.DeleteProduct@2b546384]" name="deleteProduct" class="com.crm.sdet.product.DeleteProduct"/>
      </group> <!-- regression -->
      <group name="smoke">
        <method signature="CreateOrganization.createOrganization()[pri:0, instance:com.crm.sdet.organisation.CreateOrganization@2d2e5f00]" name="createOrganization" class="com.crm.sdet.organisation.CreateOrganization"/>
        <method signature="CreateCampaign.createCampaign()[pri:0, instance:com.crm.sdet.campaign.CreateCampaign@105fece7]" name="createCampaign" class="com.crm.sdet.campaign.CreateCampaign"/>
        <method signature="CreateCampaignWithProduct.createCampaignWithProduct()[pri:0, instance:com.crm.sdet.campaign.CreateCampaignWithProduct@3ec300f1]" name="createCampaignWithProduct" class="com.crm.sdet.campaign.CreateCampaignWithProduct"/>
        <method signature="CreateProduct.createProduct()[pri:0, instance:com.crm.sdet.product.CreateProduct@5d740a0f]" name="createProduct" class="com.crm.sdet.product.CreateProduct"/>
        <method signature="DeleteProduct.deleteProduct()[pri:0, instance:com.crm.sdet.product.DeleteProduct@2b546384]" name="deleteProduct" class="com.crm.sdet.product.DeleteProduct"/>
      </group> <!-- smoke -->
    </groups>
    <test name="Test1" duration-ms="54920" started-at="2022-08-11T10:29:17Z" finished-at="2022-08-11T10:30:12Z">
      <class name="com.crm.sdet.organisation.CreateOrganization">
        <test-method status="PASS" signature="beforeTest()[pri:0, instance:com.crm.sdet.organisation.CreateOrganization@2d2e5f00]" name="beforeTest" is-config="true" duration-ms="1" started-at="2022-08-11T10:29:17Z" finished-at="2022-08-11T10:29:17Z">
          <reporter-output>
          </reporter-output>
        </test-method> <!-- beforeTest -->
        <test-method status="PASS" signature="beforeClass(java.lang.String)[pri:0, instance:com.crm.sdet.organisation.CreateOrganization@2d2e5f00]" name="beforeClass" is-config="true" duration-ms="6026" started-at="2022-08-11T10:29:17Z" finished-at="2022-08-11T10:29:23Z">
          <params>
            <param index="0">
              <value>
                <![CDATA[chrome]]>
              </value>
            </param>
          </params>
          <reporter-output>
          </reporter-output>
        </test-method> <!-- beforeClass -->
        <test-method status="PASS" signature="beforeMethod()[pri:0, instance:com.crm.sdet.organisation.CreateOrganization@2d2e5f00]" name="beforeMethod" is-config="true" duration-ms="13624" started-at="2022-08-11T10:29:23Z" finished-at="2022-08-11T10:29:37Z">
          <reporter-output>
          </reporter-output>
        </test-method> <!-- beforeMethod -->
        <test-method status="PASS" signature="createOrganization()[pri:0, instance:com.crm.sdet.organisation.CreateOrganization@2d2e5f00]" name="createOrganization" duration-ms="34706" started-at="2022-08-11T10:29:37Z" finished-at="2022-08-11T10:30:12Z">
          <reporter-output>
          </reporter-output>
        </test-method> <!-- createOrganization -->
        <test-method status="PASS" signature="afterClass()[pri:0, instance:com.crm.sdet.organisation.CreateOrganization@2d2e5f00]" name="afterClass" is-config="true" duration-ms="533" started-at="2022-08-11T10:30:12Z" finished-at="2022-08-11T10:30:12Z">
          <reporter-output>
          </reporter-output>
        </test-method> <!-- afterClass -->
        <test-method status="PASS" signature="afterMethod()[pri:0, instance:com.crm.sdet.organisation.CreateOrganization@2d2e5f00]" name="afterMethod" is-config="true" duration-ms="0" started-at="2022-08-11T10:30:12Z" finished-at="2022-08-11T10:30:12Z">
          <reporter-output>
          </reporter-output>
        </test-method> <!-- afterMethod -->
        <test-method status="PASS" signature="afterTest()[pri:0, instance:com.crm.sdet.organisation.CreateOrganization@2d2e5f00]" name="afterTest" is-config="true" duration-ms="1" started-at="2022-08-11T10:30:12Z" finished-at="2022-08-11T10:30:12Z">
          <reporter-output>
          </reporter-output>
        </test-method> <!-- afterTest -->
      </class> <!-- com.crm.sdet.organisation.CreateOrganization -->
    </test> <!-- Test1 -->
    <test name="Test2" duration-ms="87285" started-at="2022-08-11T10:29:17Z" finished-at="2022-08-11T10:30:45Z">
      <class name="com.crm.sdet.campaign.CreateCampaign">
        <test-method status="PASS" signature="beforeTest()[pri:0, instance:com.crm.sdet.campaign.CreateCampaign@105fece7]" name="beforeTest" is-config="true" duration-ms="1" started-at="2022-08-11T10:29:17Z" finished-at="2022-08-11T10:29:17Z">
          <reporter-output>
          </reporter-output>
        </test-method> <!-- beforeTest -->
        <test-method status="PASS" signature="beforeClass(java.lang.String)[pri:0, instance:com.crm.sdet.campaign.CreateCampaign@105fece7]" name="beforeClass" is-config="true" duration-ms="16627" started-at="2022-08-11T10:29:17Z" finished-at="2022-08-11T10:29:34Z">
          <params>
            <param index="0">
              <value>
                <![CDATA[firefox]]>
              </value>
            </param>
          </params>
          <reporter-output>
          </reporter-output>
        </test-method> <!-- beforeClass -->
        <test-method status="PASS" signature="beforeMethod()[pri:0, instance:com.crm.sdet.campaign.CreateCampaign@105fece7]" name="beforeMethod" is-config="true" duration-ms="10390" started-at="2022-08-11T10:29:34Z" finished-at="2022-08-11T10:29:44Z">
          <reporter-output>
          </reporter-output>
        </test-method> <!-- beforeMethod -->
        <test-method status="FAIL" signature="createCampaign()[pri:0, instance:com.crm.sdet.campaign.CreateCampaign@105fece7]" name="createCampaign" duration-ms="2716" started-at="2022-08-11T10:29:44Z" finished-at="2022-08-11T10:29:47Z">
          <exception class="org.openqa.selenium.ElementNotInteractableException">
            <message>
              <![CDATA[Element <a id="more" class="drop_downnew" href="index.php?module=Campaigns&action=index" name="Campaigns"> could not be scrolled into view
Build info: version: '3.141.59', revision: 'e82be7d358', time: '2018-11-14T08:17:03'
System info: host: 'DESKTOP-UNQGVJM', ip: '192.168.218.32', os.name: 'Windows 10', os.arch: 'amd64', os.version: '10.0', java.version: '1.8.0_202'
Driver info: org.openqa.selenium.firefox.FirefoxDriver
Capabilities {acceptInsecureCerts: true, browserName: firefox, browserVersion: 68.8.0, javascriptEnabled: true, moz:accessibilityChecks: false, moz:buildID: 20200429190206, moz:geckodriverVersion: 0.25.0, moz:headless: false, moz:processID: 20888, moz:profile: C:\Users\AyushSharma\AppDat..., moz:shutdownTimeout: 60000, moz:useNonSpecCompliantPointerOrigin: false, moz:webdriverClick: true, pageLoadStrategy: normal, platform: WINDOWS, platformName: WINDOWS, platformVersion: 10.0, rotatable: false, setWindowRect: true, strictFileInteractability: false, timeouts: {implicit: 0, pageLoad: 300000, script: 30000}, unhandledPromptBehavior: dismiss and notify}
Session ID: 97b44d98-5dca-4f5c-a64c-638c685296f6]]>
            </message>
            <full-stacktrace>
              <![CDATA[org.openqa.selenium.ElementNotInteractableException: Element <a id="more" class="drop_downnew" href="index.php?module=Campaigns&action=index" name="Campaigns"> could not be scrolled into view
Build info: version: '3.141.59', revision: 'e82be7d358', time: '2018-11-14T08:17:03'
System info: host: 'DESKTOP-UNQGVJM', ip: '192.168.218.32', os.name: 'Windows 10', os.arch: 'amd64', os.version: '10.0', java.version: '1.8.0_202'
Driver info: org.openqa.selenium.firefox.FirefoxDriver
Capabilities {acceptInsecureCerts: true, browserName: firefox, browserVersion: 68.8.0, javascriptEnabled: true, moz:accessibilityChecks: false, moz:buildID: 20200429190206, moz:geckodriverVersion: 0.25.0, moz:headless: false, moz:processID: 20888, moz:profile: C:\Users\AyushSharma\AppDat..., moz:shutdownTimeout: 60000, moz:useNonSpecCompliantPointerOrigin: false, moz:webdriverClick: true, pageLoadStrategy: normal, platform: WINDOWS, platformName: WINDOWS, platformVersion: 10.0, rotatable: false, setWindowRect: true, strictFileInteractability: false, timeouts: {implicit: 0, pageLoad: 300000, script: 30000}, unhandledPromptBehavior: dismiss and notify}
Session ID: 97b44d98-5dca-4f5c-a64c-638c685296f6
at sun.reflect.NativeConstructorAccessorImpl.newInstance0(Native Method)
at sun.reflect.NativeConstructorAccessorImpl.newInstance(NativeConstructorAccessorImpl.java:62)
at sun.reflect.DelegatingConstructorAccessorImpl.newInstance(DelegatingConstructorAccessorImpl.java:45)
at java.lang.reflect.Constructor.newInstance(Constructor.java:423)
at org.openqa.selenium.remote.http.W3CHttpResponseCodec.createException(W3CHttpResponseCodec.java:187)
at org.openqa.selenium.remote.http.W3CHttpResponseCodec.decode(W3CHttpResponseCodec.java:122)
at org.openqa.selenium.remote.http.W3CHttpResponseCodec.decode(W3CHttpResponseCodec.java:49)
at org.openqa.selenium.remote.HttpCommandExecutor.execute(HttpCommandExecutor.java:158)
at org.openqa.selenium.remote.service.DriverCommandExecutor.execute(DriverCommandExecutor.java:83)
at org.openqa.selenium.remote.RemoteWebDriver.execute(RemoteWebDriver.java:552)
at org.openqa.selenium.remote.RemoteWebElement.execute(RemoteWebElement.java:285)
at org.openqa.selenium.remote.RemoteWebElement.click(RemoteWebElement.java:84)
at sun.reflect.NativeMethodAccessorImpl.invoke0(Native Method)
at sun.reflect.NativeMethodAccessorImpl.invoke(NativeMethodAccessorImpl.java:62)
at sun.reflect.DelegatingMethodAccessorImpl.invoke(DelegatingMethodAccessorImpl.java:43)
at java.lang.reflect.Method.invoke(Method.java:498)
at org.openqa.selenium.support.pagefactory.internal.LocatingElementHandler.invoke(LocatingElementHandler.java:51)
at com.sun.proxy.$Proxy16.click(Unknown Source)
at comcast.vTiger.pageRepositories.HomePage.clickCampaignTab(HomePage.java:81)
at com.crm.sdet.campaign.CreateCampaign.createCampaign(CreateCampaign.java:62)
at sun.reflect.NativeMethodAccessorImpl.invoke0(Native Method)
at sun.reflect.NativeMethodAccessorImpl.invoke(NativeMethodAccessorImpl.java:62)
at sun.reflect.DelegatingMethodAccessorImpl.invoke(DelegatingMethodAccessorImpl.java:43)
at java.lang.reflect.Method.invoke(Method.java:498)
at org.testng.internal.MethodInvocationHelper.invokeMethod(MethodInvocationHelper.java:124)
at org.testng.internal.Invoker.invokeMethod(Invoker.java:583)
at org.testng.internal.Invoker.invokeTestMethod(Invoker.java:719)
at org.testng.internal.Invoker.invokeTestMethods(Invoker.java:989)
at org.testng.internal.TestMethodWorker.invokeTestMethods(TestMethodWorker.java:125)
at org.testng.internal.TestMethodWorker.run(TestMethodWorker.java:109)
at org.testng.TestRunner.privateRun(TestRunner.java:648)
at org.testng.TestRunner.run(TestRunner.java:505)
at org.testng.SuiteRunner.runTest(SuiteRunner.java:455)
at org.testng.SuiteRunner.access$000(SuiteRunner.java:40)
at org.testng.SuiteRunner$SuiteWorker.run(SuiteRunner.java:489)
at org.testng.internal.thread.ThreadUtil$1.call(ThreadUtil.java:52)
at java.util.concurrent.FutureTask.run(FutureTask.java:266)
at java.util.concurrent.ThreadPoolExecutor.runWorker(ThreadPoolExecutor.java:1149)
at java.util.concurrent.ThreadPoolExecutor$Worker.run(ThreadPoolExecutor.java:624)
at java.lang.Thread.run(Thread.java:748)
]]>
            </full-stacktrace>
          </exception> <!-- org.openqa.selenium.ElementNotInteractableException -->
          <reporter-output>
          </reporter-output>
        </test-method> <!-- createCampaign -->
        <test-method status="PASS" signature="afterMethod()[pri:0, instance:com.crm.sdet.campaign.CreateCampaign@105fece7]" name="afterMethod" is-config="true" duration-ms="1" started-at="2022-08-11T10:29:47Z" finished-at="2022-08-11T10:29:47Z">
          <reporter-output>
          </reporter-output>
        </test-method> <!-- afterMethod -->
        <test-method status="PASS" signature="afterClass()[pri:0, instance:com.crm.sdet.campaign.CreateCampaign@105fece7]" name="afterClass" is-config="true" duration-ms="4967" started-at="2022-08-11T10:29:47Z" finished-at="2022-08-11T10:29:52Z">
          <reporter-output>
          </reporter-output>
        </test-method> <!-- afterClass -->
        <test-method status="PASS" signature="afterTest()[pri:0, instance:com.crm.sdet.campaign.CreateCampaign@105fece7]" name="afterTest" is-config="true" duration-ms="0" started-at="2022-08-11T10:30:45Z" finished-at="2022-08-11T10:30:45Z">
          <reporter-output>
          </reporter-output>
        </test-method> <!-- afterTest -->
      </class> <!-- com.crm.sdet.campaign.CreateCampaign -->
      <class name="com.crm.sdet.campaign.CreateCampaignWithProduct">
        <test-method status="PASS" signature="beforeClass(java.lang.String)[pri:0, instance:com.crm.sdet.campaign.CreateCampaignWithProduct@3ec300f1]" name="beforeClass" is-config="true" duration-ms="8192" started-at="2022-08-11T10:29:52Z" finished-at="2022-08-11T10:30:01Z">
          <params>
            <param index="0">
              <value>
                <![CDATA[firefox]]>
              </value>
            </param>
          </params>
          <reporter-output>
          </reporter-output>
        </test-method> <!-- beforeClass -->
        <test-method status="PASS" signature="beforeMethod()[pri:0, instance:com.crm.sdet.campaign.CreateCampaignWithProduct@3ec300f1]" name="beforeMethod" is-config="true" duration-ms="6256" started-at="2022-08-11T10:30:01Z" finished-at="2022-08-11T10:30:07Z">
          <reporter-output>
          </reporter-output>
        </test-method> <!-- beforeMethod -->
        <test-method status="PASS" signature="createCampaignWithProduct()[pri:0, instance:com.crm.sdet.campaign.CreateCampaignWithProduct@3ec300f1]" name="createCampaignWithProduct" duration-ms="36426" started-at="2022-08-11T10:30:07Z" finished-at="2022-08-11T10:30:43Z">
          <reporter-output>
          </reporter-output>
        </test-method> <!-- createCampaignWithProduct -->
        <test-method status="PASS" signature="afterMethod()[pri:0, instance:com.crm.sdet.campaign.CreateCampaignWithProduct@3ec300f1]" name="afterMethod" is-config="true" duration-ms="0" started-at="2022-08-11T10:30:43Z" finished-at="2022-08-11T10:30:43Z">
          <reporter-output>
          </reporter-output>
        </test-method> <!-- afterMethod -->
        <test-method status="PASS" signature="afterClass()[pri:0, instance:com.crm.sdet.campaign.CreateCampaignWithProduct@3ec300f1]" name="afterClass" is-config="true" duration-ms="1284" started-at="2022-08-11T10:30:43Z" finished-at="2022-08-11T10:30:45Z">
          <reporter-output>
          </reporter-output>
        </test-method> <!-- afterClass -->
      </class> <!-- com.crm.sdet.campaign.CreateCampaignWithProduct -->
    </test> <!-- Test2 -->
    <test name="Test3" duration-ms="89621" started-at="2022-08-11T10:29:17Z" finished-at="2022-08-11T10:30:47Z">
      <class name="com.crm.sdet.product.CreateProduct">
        <test-method status="PASS" signature="beforeClass(java.lang.String)[pri:0, instance:com.crm.sdet.product.CreateProduct@5d740a0f]" name="beforeClass" is-config="true" duration-ms="4014" started-at="2022-08-11T10:30:20Z" finished-at="2022-08-11T10:30:24Z">
          <params>
            <param index="0">
              <value>
                <![CDATA[edge]]>
              </value>
            </param>
          </params>
          <reporter-output>
          </reporter-output>
        </test-method> <!-- beforeClass -->
        <test-method status="PASS" signature="beforeMethod()[pri:0, instance:com.crm.sdet.product.CreateProduct@5d740a0f]" name="beforeMethod" is-config="true" duration-ms="5508" started-at="2022-08-11T10:30:24Z" finished-at="2022-08-11T10:30:30Z">
          <reporter-output>
          </reporter-output>
        </test-method> <!-- beforeMethod -->
        <test-method status="PASS" signature="createProduct()[pri:0, instance:com.crm.sdet.product.CreateProduct@5d740a0f]" name="createProduct" duration-ms="17052" started-at="2022-08-11T10:30:30Z" finished-at="2022-08-11T10:30:47Z">
          <reporter-output>
          </reporter-output>
        </test-method> <!-- createProduct -->
        <test-method status="PASS" signature="afterMethod()[pri:0, instance:com.crm.sdet.product.CreateProduct@5d740a0f]" name="afterMethod" is-config="true" duration-ms="0" started-at="2022-08-11T10:30:47Z" finished-at="2022-08-11T10:30:47Z">
          <reporter-output>
          </reporter-output>
        </test-method> <!-- afterMethod -->
        <test-method status="PASS" signature="afterClass()[pri:0, instance:com.crm.sdet.product.CreateProduct@5d740a0f]" name="afterClass" is-config="true" duration-ms="230" started-at="2022-08-11T10:30:47Z" finished-at="2022-08-11T10:30:47Z">
          <reporter-output>
          </reporter-output>
        </test-method> <!-- afterClass -->
      </class> <!-- com.crm.sdet.product.CreateProduct -->
      <class name="com.crm.sdet.product.DeleteProduct">
        <test-method status="PASS" signature="beforeSuite()[pri:0, instance:com.crm.sdet.product.DeleteProduct@2b546384]" name="beforeSuite" is-config="true" duration-ms="15" started-at="2022-08-11T10:29:17Z" finished-at="2022-08-11T10:29:17Z">
          <reporter-output>
          </reporter-output>
        </test-method> <!-- beforeSuite -->
        <test-method status="PASS" signature="beforeTest()[pri:0, instance:com.crm.sdet.product.DeleteProduct@2b546384]" name="beforeTest" is-config="true" duration-ms="1" started-at="2022-08-11T10:29:17Z" finished-at="2022-08-11T10:29:17Z">
          <reporter-output>
          </reporter-output>
        </test-method> <!-- beforeTest -->
        <test-method status="PASS" signature="beforeClass(java.lang.String)[pri:0, instance:com.crm.sdet.product.DeleteProduct@2b546384]" name="beforeClass" is-config="true" duration-ms="9029" started-at="2022-08-11T10:29:17Z" finished-at="2022-08-11T10:29:26Z">
          <params>
            <param index="0">
              <value>
                <![CDATA[edge]]>
              </value>
            </param>
          </params>
          <reporter-output>
          </reporter-output>
        </test-method> <!-- beforeClass -->
        <test-method status="PASS" signature="beforeMethod()[pri:0, instance:com.crm.sdet.product.DeleteProduct@2b546384]" name="beforeMethod" is-config="true" duration-ms="11157" started-at="2022-08-11T10:29:26Z" finished-at="2022-08-11T10:29:38Z">
          <reporter-output>
          </reporter-output>
        </test-method> <!-- beforeMethod -->
        <test-method status="PASS" signature="deleteProduct()[pri:0, instance:com.crm.sdet.product.DeleteProduct@2b546384]" name="deleteProduct" duration-ms="42405" started-at="2022-08-11T10:29:38Z" finished-at="2022-08-11T10:30:20Z">
          <reporter-output>
          </reporter-output>
        </test-method> <!-- deleteProduct -->
        <test-method status="PASS" signature="afterMethod()[pri:0, instance:com.crm.sdet.product.DeleteProduct@2b546384]" name="afterMethod" is-config="true" duration-ms="1" started-at="2022-08-11T10:30:20Z" finished-at="2022-08-11T10:30:20Z">
          <reporter-output>
          </reporter-output>
        </test-method> <!-- afterMethod -->
        <test-method status="PASS" signature="afterClass()[pri:0, instance:com.crm.sdet.product.DeleteProduct@2b546384]" name="afterClass" is-config="true" duration-ms="212" started-at="2022-08-11T10:30:20Z" finished-at="2022-08-11T10:30:20Z">
          <reporter-output>
          </reporter-output>
        </test-method> <!-- afterClass -->
        <test-method status="PASS" signature="afterTest()[pri:0, instance:com.crm.sdet.product.DeleteProduct@2b546384]" name="afterTest" is-config="true" duration-ms="0" started-at="2022-08-11T10:30:47Z" finished-at="2022-08-11T10:30:47Z">
          <reporter-output>
          </reporter-output>
        </test-method> <!-- afterTest -->
        <test-method status="PASS" signature="afterSuite()[pri:0, instance:com.crm.sdet.product.DeleteProduct@2b546384]" name="afterSuite" is-config="true" duration-ms="0" started-at="2022-08-11T10:30:47Z" finished-at="2022-08-11T10:30:47Z">
          <reporter-output>
          </reporter-output>
        </test-method> <!-- afterSuite -->
      </class> <!-- com.crm.sdet.product.DeleteProduct -->
    </test> <!-- Test3 -->
  </suite> <!-- Suite -->
</testng-results>
