<?xml version="1.0" encoding="UTF-8"?>
<testng-results ignored="0" total="1" passed="1" failed="0" skipped="0">
  <reporter-output>
  </reporter-output>
  <suite started-at="2022-08-11T07:10:35Z" name="Default suite" finished-at="2022-08-11T07:10:57Z" duration-ms="22308">
    <groups>
      <group name="regression">
        <method signature="CreateCampaign.createCampaign()[pri:0, instance:com.crm.sdet.campaign.CreateCampaign@7393222f]" name="createCampaign" class="com.crm.sdet.campaign.CreateCampaign"/>
      </group> <!-- regression -->
      <group name="smoke">
        <method signature="CreateCampaign.createCampaign()[pri:0, instance:com.crm.sdet.campaign.CreateCampaign@7393222f]" name="createCampaign" class="com.crm.sdet.campaign.CreateCampaign"/>
      </group> <!-- smoke -->
    </groups>
    <test started-at="2022-08-11T07:10:35Z" name="Default test" finished-at="2022-08-11T07:10:57Z" duration-ms="22308">
      <class name="com.crm.sdet.campaign.CreateCampaign">
        <test-method is-config="true" signature="beforeSuite()[pri:0, instance:com.crm.sdet.campaign.CreateCampaign@7393222f]" started-at="2022-08-11T07:10:35Z" name="beforeSuite" finished-at="2022-08-11T07:10:35Z" duration-ms="17" status="PASS">
          <reporter-output>
          </reporter-output>
        </test-method> <!-- beforeSuite -->
        <test-method is-config="true" signature="beforeTest()[pri:0, instance:com.crm.sdet.campaign.CreateCampaign@7393222f]" started-at="2022-08-11T07:10:35Z" name="beforeTest" finished-at="2022-08-11T07:10:35Z" duration-ms="1" status="PASS">
          <reporter-output>
          </reporter-output>
        </test-method> <!-- beforeTest -->
        <test-method is-config="true" signature="beforeClass(java.lang.String)[pri:0, instance:com.crm.sdet.campaign.CreateCampaign@7393222f]" started-at="2022-08-11T07:10:35Z" name="beforeClass" finished-at="2022-08-11T07:10:38Z" duration-ms="2613" status="PASS">
          <params>
            <param index="0">
              <value>
                <![CDATA[chrome]]>
              </value>
            </param>
          </params>
          <reporter-output>
          </reporter-output>
        </test-method> <!-- beforeClass -->
        <test-method is-config="true" signature="beforeMethod()[pri:0, instance:com.crm.sdet.campaign.CreateCampaign@7393222f]" started-at="2022-08-11T07:10:38Z" name="beforeMethod" finished-at="2022-08-11T07:10:42Z" duration-ms="4123" status="PASS">
          <reporter-output>
          </reporter-output>
        </test-method> <!-- beforeMethod -->
        <test-method signature="createCampaign()[pri:0, instance:com.crm.sdet.campaign.CreateCampaign@7393222f]" started-at="2022-08-11T07:10:42Z" name="createCampaign" finished-at="2022-08-11T07:10:57Z" duration-ms="15367" status="PASS">
          <reporter-output>
          </reporter-output>
        </test-method> <!-- createCampaign -->
        <test-method is-config="true" signature="afterMethod()[pri:0, instance:com.crm.sdet.campaign.CreateCampaign@7393222f]" started-at="2022-08-11T07:10:57Z" name="afterMethod" finished-at="2022-08-11T07:10:57Z" duration-ms="0" status="PASS">
          <reporter-output>
          </reporter-output>
        </test-method> <!-- afterMethod -->
        <test-method is-config="true" signature="afterClass()[pri:0, instance:com.crm.sdet.campaign.CreateCampaign@7393222f]" started-at="2022-08-11T07:10:57Z" name="afterClass" finished-at="2022-08-11T07:10:57Z" duration-ms="179" status="PASS">
          <reporter-output>
          </reporter-output>
        </test-method> <!-- afterClass -->
        <test-method is-config="true" signature="afterTest()[pri:0, instance:com.crm.sdet.campaign.CreateCampaign@7393222f]" started-at="2022-08-11T07:10:57Z" name="afterTest" finished-at="2022-08-11T07:10:57Z" duration-ms="0" status="PASS">
          <reporter-output>
          </reporter-output>
        </test-method> <!-- afterTest -->
        <test-method is-config="true" signature="afterSuite()[pri:0, instance:com.crm.sdet.campaign.CreateCampaign@7393222f]" started-at="2022-08-11T07:10:57Z" name="afterSuite" finished-at="2022-08-11T07:10:57Z" duration-ms="1" status="PASS">
          <reporter-output>
          </reporter-output>
        </test-method> <!-- afterSuite -->
      </class> <!-- com.crm.sdet.campaign.CreateCampaign -->
    </test> <!-- Default test -->
  </suite> <!-- Default suite -->
</testng-results>
