<?xml version="1.0" encoding="UTF-8"?>
<testng-results ignored="0" total="1" passed="1" failed="0" skipped="0">
  <reporter-output>
  </reporter-output>
  <suite started-at="2022-08-11T10:46:04Z" name="Default suite" finished-at="2022-08-11T10:46:04Z" duration-ms="43">
    <groups>
    </groups>
    <test started-at="2022-08-11T10:46:04Z" name="Default test" finished-at="2022-08-11T10:46:04Z" duration-ms="43">
      <class name="practice.VMParameterTest">
        <test-method signature="VMParameterTest()[pri:0, instance:practice.VMParameterTest@609db546]" started-at="2022-08-11T10:46:04Z" name="VMParameterTest" finished-at="2022-08-11T10:46:04Z" duration-ms="14" status="PASS">
          <reporter-output>
          </reporter-output>
        </test-method> <!-- VMParameterTest -->
      </class> <!-- practice.VMParameterTest -->
    </test> <!-- Default test -->
  </suite> <!-- Default suite -->
</testng-results>
